This file contains any messages produced by compilers while
running configure, to aid debugging if configure makes a mistake.

It was created by httrack configure 1.0, which was
generated by GNU Autoconf 2.68.  Invocation command line was

  $ ./configure 

## --------- ##
## Platform. ##
## --------- ##

hostname = rainkid
uname -m = x86_64
uname -r = 3.2.0-24-generic
uname -s = Linux
uname -v = #39-Ubuntu SMP Mon May 21 16:52:17 UTC 2012

/usr/bin/uname -p = unknown
/bin/uname -X     = unknown

/bin/arch              = unknown
/usr/bin/arch -k       = unknown
/usr/convex/getsysinfo = unknown
/usr/bin/hostinfo      = unknown
/bin/machine           = unknown
/usr/bin/oslevel       = unknown
/bin/universe          = unknown

PATH: /home/rainkid/bin
PATH: /usr/lib/lightdm/lightdm
PATH: /usr/local/sbin
PATH: /usr/local/bin
PATH: /usr/sbin
PATH: /usr/bin
PATH: /sbin
PATH: /bin
PATH: /usr/games


## ----------- ##
## Core tests. ##
## ----------- ##

configure:2458: checking for a BSD-compatible install
configure:2526: result: /usr/bin/install -c
configure:2537: checking whether build environment is sane
configure:2587: result: yes
configure:2728: checking for a thread-safe mkdir -p
configure:2767: result: /bin/mkdir -p
configure:2780: checking for gawk
configure:2810: result: no
configure:2780: checking for mawk
configure:2796: found /usr/bin/mawk
configure:2807: result: mawk
configure:2818: checking whether make sets $(MAKE)
configure:2840: result: yes
configure:2970: checking for gcc
configure:2986: found /usr/bin/gcc
configure:2997: result: gcc
configure:3226: checking for C compiler version
configure:3235: gcc --version >&5
gcc (Ubuntu/Linaro 4.6.3-1ubuntu5) 4.6.3
Copyright (C) 2011 Free Software Foundation, Inc.
This is free software; see the source for copying conditions.  There is NO
warranty; not even for MERCHANTABILITY or FITNESS FOR A PARTICULAR PURPOSE.

configure:3246: $? = 0
configure:3235: gcc -v >&5
Using built-in specs.
COLLECT_GCC=gcc
COLLECT_LTO_WRAPPER=/usr/lib/gcc/x86_64-linux-gnu/4.6/lto-wrapper
Target: x86_64-linux-gnu
Configured with: ../src/configure -v --with-pkgversion='Ubuntu/Linaro 4.6.3-1ubuntu5' --with-bugurl=file:///usr/share/doc/gcc-4.6/README.Bugs --enable-languages=c,c++,fortran,objc,obj-c++ --prefix=/usr --program-suffix=-4.6 --enable-shared --enable-linker-build-id --with-system-zlib --libexecdir=/usr/lib --without-included-gettext --enable-threads=posix --with-gxx-include-dir=/usr/include/c++/4.6 --libdir=/usr/lib --enable-nls --with-sysroot=/ --enable-clocale=gnu --enable-libstdcxx-debug --enable-libstdcxx-time=yes --enable-gnu-unique-object --enable-plugin --enable-objc-gc --disable-werror --with-arch-32=i686 --with-tune=generic --enable-checking=release --build=x86_64-linux-gnu --host=x86_64-linux-gnu --target=x86_64-linux-gnu
Thread model: posix
gcc version 4.6.3 (Ubuntu/Linaro 4.6.3-1ubuntu5) 
configure:3246: $? = 0
configure:3235: gcc -V >&5
gcc: error: unrecognized option '-V'
gcc: fatal error: no input files
compilation terminated.
configure:3246: $? = 4
configure:3235: gcc -qversion >&5
gcc: error: unrecognized option '-qversion'
gcc: fatal error: no input files
compilation terminated.
configure:3246: $? = 4
configure:3266: checking whether the C compiler works
configure:3288: gcc    conftest.c  >&5
configure:3292: $? = 0
configure:3340: result: yes
configure:3343: checking for C compiler default output file name
configure:3345: result: a.out
configure:3351: checking for suffix of executables
configure:3358: gcc -o conftest    conftest.c  >&5
configure:3362: $? = 0
configure:3384: result: 
configure:3406: checking whether we are cross compiling
configure:3414: gcc -o conftest    conftest.c  >&5
configure:3418: $? = 0
configure:3425: ./conftest
configure:3429: $? = 0
configure:3444: result: no
configure:3449: checking for suffix of object files
configure:3471: gcc -c   conftest.c >&5
configure:3475: $? = 0
configure:3496: result: o
configure:3500: checking whether we are using the GNU C compiler
configure:3519: gcc -c   conftest.c >&5
configure:3519: $? = 0
configure:3528: result: yes
configure:3537: checking whether gcc accepts -g
configure:3557: gcc -c -g  conftest.c >&5
configure:3557: $? = 0
configure:3598: result: yes
configure:3615: checking for gcc option to accept ISO C89
configure:3679: gcc  -c -g -O2  conftest.c >&5
configure:3679: $? = 0
configure:3692: result: none needed
configure:3723: checking for style of include used by make
configure:3751: result: GNU
configure:3777: checking dependency style of gcc
configure:3888: result: gcc3
configure:3911: checking how to run the C preprocessor
configure:3942: gcc -E  conftest.c
configure:3942: $? = 0
configure:3956: gcc -E  conftest.c
conftest.c:11:28: fatal error: ac_nonexistent.h: No such file or directory
compilation terminated.
configure:3956: $? = 1
configure: failed program was:
| /* confdefs.h */
| #define PACKAGE_NAME "httrack"
| #define PACKAGE_TARNAME "httrack"
| #define PACKAGE_VERSION "1.0"
| #define PACKAGE_STRING "httrack 1.0"
| #define PACKAGE_BUGREPORT "rainkide@gmail.com"
| #define PACKAGE_URL ""
| #define PACKAGE "httrack"
| #define VERSION "1.0"
| /* end confdefs.h.  */
| #include <ac_nonexistent.h>
configure:3981: result: gcc -E
configure:4001: gcc -E  conftest.c
configure:4001: $? = 0
configure:4015: gcc -E  conftest.c
conftest.c:11:28: fatal error: ac_nonexistent.h: No such file or directory
compilation terminated.
configure:4015: $? = 1
configure: failed program was:
| /* confdefs.h */
| #define PACKAGE_NAME "httrack"
| #define PACKAGE_TARNAME "httrack"
| #define PACKAGE_VERSION "1.0"
| #define PACKAGE_STRING "httrack 1.0"
| #define PACKAGE_BUGREPORT "rainkide@gmail.com"
| #define PACKAGE_URL ""
| #define PACKAGE "httrack"
| #define VERSION "1.0"
| /* end confdefs.h.  */
| #include <ac_nonexistent.h>
configure:4044: checking for grep that handles long lines and -e
configure:4102: result: /bin/grep
configure:4107: checking for egrep
configure:4169: result: /bin/grep -E
configure:4174: checking for ANSI C header files
configure:4194: gcc -c -g -O2  conftest.c >&5
configure:4194: $? = 0
configure:4267: gcc -o conftest -g -O2   conftest.c  >&5
configure:4267: $? = 0
configure:4267: ./conftest
configure:4267: $? = 0
configure:4278: result: yes
configure:4291: checking for sys/types.h
configure:4291: gcc -c -g -O2  conftest.c >&5
configure:4291: $? = 0
configure:4291: result: yes
configure:4291: checking for sys/stat.h
configure:4291: gcc -c -g -O2  conftest.c >&5
configure:4291: $? = 0
configure:4291: result: yes
configure:4291: checking for stdlib.h
configure:4291: gcc -c -g -O2  conftest.c >&5
configure:4291: $? = 0
configure:4291: result: yes
configure:4291: checking for string.h
configure:4291: gcc -c -g -O2  conftest.c >&5
configure:4291: $? = 0
configure:4291: result: yes
configure:4291: checking for memory.h
configure:4291: gcc -c -g -O2  conftest.c >&5
configure:4291: $? = 0
configure:4291: result: yes
configure:4291: checking for strings.h
configure:4291: gcc -c -g -O2  conftest.c >&5
configure:4291: $? = 0
configure:4291: result: yes
configure:4291: checking for inttypes.h
configure:4291: gcc -c -g -O2  conftest.c >&5
configure:4291: $? = 0
configure:4291: result: yes
configure:4291: checking for stdint.h
configure:4291: gcc -c -g -O2  conftest.c >&5
configure:4291: $? = 0
configure:4291: result: yes
configure:4291: checking for unistd.h
configure:4291: gcc -c -g -O2  conftest.c >&5
configure:4291: $? = 0
configure:4291: result: yes
configure:4306: checking arpa/inet.h usability
configure:4306: gcc -c -g -O2  conftest.c >&5
configure:4306: $? = 0
configure:4306: result: yes
configure:4306: checking arpa/inet.h presence
configure:4306: gcc -E  conftest.c
configure:4306: $? = 0
configure:4306: result: yes
configure:4306: checking for arpa/inet.h
configure:4306: result: yes
configure:4306: checking fcntl.h usability
configure:4306: gcc -c -g -O2  conftest.c >&5
configure:4306: $? = 0
configure:4306: result: yes
configure:4306: checking fcntl.h presence
configure:4306: gcc -E  conftest.c
configure:4306: $? = 0
configure:4306: result: yes
configure:4306: checking for fcntl.h
configure:4306: result: yes
configure:4306: checking for inttypes.h
configure:4306: result: yes
configure:4306: checking netdb.h usability
configure:4306: gcc -c -g -O2  conftest.c >&5
configure:4306: $? = 0
configure:4306: result: yes
configure:4306: checking netdb.h presence
configure:4306: gcc -E  conftest.c
configure:4306: $? = 0
configure:4306: result: yes
configure:4306: checking for netdb.h
configure:4306: result: yes
configure:4306: checking netinet/in.h usability
configure:4306: gcc -c -g -O2  conftest.c >&5
configure:4306: $? = 0
configure:4306: result: yes
configure:4306: checking netinet/in.h presence
configure:4306: gcc -E  conftest.c
configure:4306: $? = 0
configure:4306: result: yes
configure:4306: checking for netinet/in.h
configure:4306: result: yes
configure:4306: checking stddef.h usability
configure:4306: gcc -c -g -O2  conftest.c >&5
configure:4306: $? = 0
configure:4306: result: yes
configure:4306: checking stddef.h presence
configure:4306: gcc -E  conftest.c
configure:4306: $? = 0
configure:4306: result: yes
configure:4306: checking for stddef.h
configure:4306: result: yes
configure:4306: checking for stdint.h
configure:4306: result: yes
configure:4306: checking for stdlib.h
configure:4306: result: yes
configure:4306: checking for string.h
configure:4306: result: yes
configure:4306: checking for strings.h
configure:4306: result: yes
configure:4306: checking sys/ioctl.h usability
configure:4306: gcc -c -g -O2  conftest.c >&5
configure:4306: $? = 0
configure:4306: result: yes
configure:4306: checking sys/ioctl.h presence
configure:4306: gcc -E  conftest.c
configure:4306: $? = 0
configure:4306: result: yes
configure:4306: checking for sys/ioctl.h
configure:4306: result: yes
configure:4306: checking sys/socket.h usability
configure:4306: gcc -c -g -O2  conftest.c >&5
configure:4306: $? = 0
configure:4306: result: yes
configure:4306: checking sys/socket.h presence
configure:4306: gcc -E  conftest.c
configure:4306: $? = 0
configure:4306: result: yes
configure:4306: checking for sys/socket.h
configure:4306: result: yes
configure:4306: checking sys/time.h usability
configure:4306: gcc -c -g -O2  conftest.c >&5
configure:4306: $? = 0
configure:4306: result: yes
configure:4306: checking sys/time.h presence
configure:4306: gcc -E  conftest.c
configure:4306: $? = 0
configure:4306: result: yes
configure:4306: checking for sys/time.h
configure:4306: result: yes
configure:4306: checking sys/timeb.h usability
configure:4306: gcc -c -g -O2  conftest.c >&5
configure:4306: $? = 0
configure:4306: result: yes
configure:4306: checking sys/timeb.h presence
configure:4306: gcc -E  conftest.c
configure:4306: $? = 0
configure:4306: result: yes
configure:4306: checking for sys/timeb.h
configure:4306: result: yes
configure:4306: checking for unistd.h
configure:4306: result: yes
configure:4306: checking utime.h usability
configure:4306: gcc -c -g -O2  conftest.c >&5
configure:4306: $? = 0
configure:4306: result: yes
configure:4306: checking utime.h presence
configure:4306: gcc -E  conftest.c
configure:4306: $? = 0
configure:4306: result: yes
configure:4306: checking for utime.h
configure:4306: result: yes
configure:4318: checking for inline
configure:4334: gcc -c -g -O2  conftest.c >&5
configure:4334: $? = 0
configure:4342: result: inline
configure:4360: checking for off_t
configure:4360: gcc -c -g -O2  conftest.c >&5
configure:4360: $? = 0
configure:4360: gcc -c -g -O2  conftest.c >&5
conftest.c: In function 'main':
conftest.c:73:20: error: expected expression before ')' token
configure:4360: $? = 1
configure: failed program was:
| /* confdefs.h */
| #define PACKAGE_NAME "httrack"
| #define PACKAGE_TARNAME "httrack"
| #define PACKAGE_VERSION "1.0"
| #define PACKAGE_STRING "httrack 1.0"
| #define PACKAGE_BUGREPORT "rainkide@gmail.com"
| #define PACKAGE_URL ""
| #define PACKAGE "httrack"
| #define VERSION "1.0"
| #define STDC_HEADERS 1
| #define HAVE_SYS_TYPES_H 1
| #define HAVE_SYS_STAT_H 1
| #define HAVE_STDLIB_H 1
| #define HAVE_STRING_H 1
| #define HAVE_MEMORY_H 1
| #define HAVE_STRINGS_H 1
| #define HAVE_INTTYPES_H 1
| #define HAVE_STDINT_H 1
| #define HAVE_UNISTD_H 1
| #define HAVE_ARPA_INET_H 1
| #define HAVE_FCNTL_H 1
| #define HAVE_INTTYPES_H 1
| #define HAVE_NETDB_H 1
| #define HAVE_NETINET_IN_H 1
| #define HAVE_STDDEF_H 1
| #define HAVE_STDINT_H 1
| #define HAVE_STDLIB_H 1
| #define HAVE_STRING_H 1
| #define HAVE_STRINGS_H 1
| #define HAVE_SYS_IOCTL_H 1
| #define HAVE_SYS_SOCKET_H 1
| #define HAVE_SYS_TIME_H 1
| #define HAVE_SYS_TIMEB_H 1
| #define HAVE_UNISTD_H 1
| #define HAVE_UTIME_H 1
| /* end confdefs.h.  */
| #include <stdio.h>
| #ifdef HAVE_SYS_TYPES_H
| # include <sys/types.h>
| #endif
| #ifdef HAVE_SYS_STAT_H
| # include <sys/stat.h>
| #endif
| #ifdef STDC_HEADERS
| # include <stdlib.h>
| # include <stddef.h>
| #else
| # ifdef HAVE_STDLIB_H
| #  include <stdlib.h>
| # endif
| #endif
| #ifdef HAVE_STRING_H
| # if !defined STDC_HEADERS && defined HAVE_MEMORY_H
| #  include <memory.h>
| # endif
| # include <string.h>
| #endif
| #ifdef HAVE_STRINGS_H
| # include <strings.h>
| #endif
| #ifdef HAVE_INTTYPES_H
| # include <inttypes.h>
| #endif
| #ifdef HAVE_STDINT_H
| # include <stdint.h>
| #endif
| #ifdef HAVE_UNISTD_H
| # include <unistd.h>
| #endif
| int
| main ()
| {
| if (sizeof ((off_t)))
| 	    return 0;
|   ;
|   return 0;
| }
configure:4360: result: yes
configure:4371: checking for pid_t
configure:4371: gcc -c -g -O2  conftest.c >&5
configure:4371: $? = 0
configure:4371: gcc -c -g -O2  conftest.c >&5
conftest.c: In function 'main':
conftest.c:73:20: error: expected expression before ')' token
configure:4371: $? = 1
configure: failed program was:
| /* confdefs.h */
| #define PACKAGE_NAME "httrack"
| #define PACKAGE_TARNAME "httrack"
| #define PACKAGE_VERSION "1.0"
| #define PACKAGE_STRING "httrack 1.0"
| #define PACKAGE_BUGREPORT "rainkide@gmail.com"
| #define PACKAGE_URL ""
| #define PACKAGE "httrack"
| #define VERSION "1.0"
| #define STDC_HEADERS 1
| #define HAVE_SYS_TYPES_H 1
| #define HAVE_SYS_STAT_H 1
| #define HAVE_STDLIB_H 1
| #define HAVE_STRING_H 1
| #define HAVE_MEMORY_H 1
| #define HAVE_STRINGS_H 1
| #define HAVE_INTTYPES_H 1
| #define HAVE_STDINT_H 1
| #define HAVE_UNISTD_H 1
| #define HAVE_ARPA_INET_H 1
| #define HAVE_FCNTL_H 1
| #define HAVE_INTTYPES_H 1
| #define HAVE_NETDB_H 1
| #define HAVE_NETINET_IN_H 1
| #define HAVE_STDDEF_H 1
| #define HAVE_STDINT_H 1
| #define HAVE_STDLIB_H 1
| #define HAVE_STRING_H 1
| #define HAVE_STRINGS_H 1
| #define HAVE_SYS_IOCTL_H 1
| #define HAVE_SYS_SOCKET_H 1
| #define HAVE_SYS_TIME_H 1
| #define HAVE_SYS_TIMEB_H 1
| #define HAVE_UNISTD_H 1
| #define HAVE_UTIME_H 1
| /* end confdefs.h.  */
| #include <stdio.h>
| #ifdef HAVE_SYS_TYPES_H
| # include <sys/types.h>
| #endif
| #ifdef HAVE_SYS_STAT_H
| # include <sys/stat.h>
| #endif
| #ifdef STDC_HEADERS
| # include <stdlib.h>
| # include <stddef.h>
| #else
| # ifdef HAVE_STDLIB_H
| #  include <stdlib.h>
| # endif
| #endif
| #ifdef HAVE_STRING_H
| # if !defined STDC_HEADERS && defined HAVE_MEMORY_H
| #  include <memory.h>
| # endif
| # include <string.h>
| #endif
| #ifdef HAVE_STRINGS_H
| # include <strings.h>
| #endif
| #ifdef HAVE_INTTYPES_H
| # include <inttypes.h>
| #endif
| #ifdef HAVE_STDINT_H
| # include <stdint.h>
| #endif
| #ifdef HAVE_UNISTD_H
| # include <unistd.h>
| #endif
| int
| main ()
| {
| if (sizeof ((pid_t)))
| 	    return 0;
|   ;
|   return 0;
| }
configure:4371: result: yes
configure:4382: checking for size_t
configure:4382: gcc -c -g -O2  conftest.c >&5
configure:4382: $? = 0
configure:4382: gcc -c -g -O2  conftest.c >&5
conftest.c: In function 'main':
conftest.c:73:21: error: expected expression before ')' token
configure:4382: $? = 1
configure: failed program was:
| /* confdefs.h */
| #define PACKAGE_NAME "httrack"
| #define PACKAGE_TARNAME "httrack"
| #define PACKAGE_VERSION "1.0"
| #define PACKAGE_STRING "httrack 1.0"
| #define PACKAGE_BUGREPORT "rainkide@gmail.com"
| #define PACKAGE_URL ""
| #define PACKAGE "httrack"
| #define VERSION "1.0"
| #define STDC_HEADERS 1
| #define HAVE_SYS_TYPES_H 1
| #define HAVE_SYS_STAT_H 1
| #define HAVE_STDLIB_H 1
| #define HAVE_STRING_H 1
| #define HAVE_MEMORY_H 1
| #define HAVE_STRINGS_H 1
| #define HAVE_INTTYPES_H 1
| #define HAVE_STDINT_H 1
| #define HAVE_UNISTD_H 1
| #define HAVE_ARPA_INET_H 1
| #define HAVE_FCNTL_H 1
| #define HAVE_INTTYPES_H 1
| #define HAVE_NETDB_H 1
| #define HAVE_NETINET_IN_H 1
| #define HAVE_STDDEF_H 1
| #define HAVE_STDINT_H 1
| #define HAVE_STDLIB_H 1
| #define HAVE_STRING_H 1
| #define HAVE_STRINGS_H 1
| #define HAVE_SYS_IOCTL_H 1
| #define HAVE_SYS_SOCKET_H 1
| #define HAVE_SYS_TIME_H 1
| #define HAVE_SYS_TIMEB_H 1
| #define HAVE_UNISTD_H 1
| #define HAVE_UTIME_H 1
| /* end confdefs.h.  */
| #include <stdio.h>
| #ifdef HAVE_SYS_TYPES_H
| # include <sys/types.h>
| #endif
| #ifdef HAVE_SYS_STAT_H
| # include <sys/stat.h>
| #endif
| #ifdef STDC_HEADERS
| # include <stdlib.h>
| # include <stddef.h>
| #else
| # ifdef HAVE_STDLIB_H
| #  include <stdlib.h>
| # endif
| #endif
| #ifdef HAVE_STRING_H
| # if !defined STDC_HEADERS && defined HAVE_MEMORY_H
| #  include <memory.h>
| # endif
| # include <string.h>
| #endif
| #ifdef HAVE_STRINGS_H
| # include <strings.h>
| #endif
| #ifdef HAVE_INTTYPES_H
| # include <inttypes.h>
| #endif
| #ifdef HAVE_STDINT_H
| # include <stdint.h>
| #endif
| #ifdef HAVE_UNISTD_H
| # include <unistd.h>
| #endif
| int
| main ()
| {
| if (sizeof ((size_t)))
| 	    return 0;
|   ;
|   return 0;
| }
configure:4382: result: yes
configure:4393: checking for ssize_t
configure:4393: gcc -c -g -O2  conftest.c >&5
configure:4393: $? = 0
configure:4393: gcc -c -g -O2  conftest.c >&5
conftest.c: In function 'main':
conftest.c:73:22: error: expected expression before ')' token
configure:4393: $? = 1
configure: failed program was:
| /* confdefs.h */
| #define PACKAGE_NAME "httrack"
| #define PACKAGE_TARNAME "httrack"
| #define PACKAGE_VERSION "1.0"
| #define PACKAGE_STRING "httrack 1.0"
| #define PACKAGE_BUGREPORT "rainkide@gmail.com"
| #define PACKAGE_URL ""
| #define PACKAGE "httrack"
| #define VERSION "1.0"
| #define STDC_HEADERS 1
| #define HAVE_SYS_TYPES_H 1
| #define HAVE_SYS_STAT_H 1
| #define HAVE_STDLIB_H 1
| #define HAVE_STRING_H 1
| #define HAVE_MEMORY_H 1
| #define HAVE_STRINGS_H 1
| #define HAVE_INTTYPES_H 1
| #define HAVE_STDINT_H 1
| #define HAVE_UNISTD_H 1
| #define HAVE_ARPA_INET_H 1
| #define HAVE_FCNTL_H 1
| #define HAVE_INTTYPES_H 1
| #define HAVE_NETDB_H 1
| #define HAVE_NETINET_IN_H 1
| #define HAVE_STDDEF_H 1
| #define HAVE_STDINT_H 1
| #define HAVE_STDLIB_H 1
| #define HAVE_STRING_H 1
| #define HAVE_STRINGS_H 1
| #define HAVE_SYS_IOCTL_H 1
| #define HAVE_SYS_SOCKET_H 1
| #define HAVE_SYS_TIME_H 1
| #define HAVE_SYS_TIMEB_H 1
| #define HAVE_UNISTD_H 1
| #define HAVE_UTIME_H 1
| /* end confdefs.h.  */
| #include <stdio.h>
| #ifdef HAVE_SYS_TYPES_H
| # include <sys/types.h>
| #endif
| #ifdef HAVE_SYS_STAT_H
| # include <sys/stat.h>
| #endif
| #ifdef STDC_HEADERS
| # include <stdlib.h>
| # include <stddef.h>
| #else
| # ifdef HAVE_STDLIB_H
| #  include <stdlib.h>
| # endif
| #endif
| #ifdef HAVE_STRING_H
| # if !defined STDC_HEADERS && defined HAVE_MEMORY_H
| #  include <memory.h>
| # endif
| # include <string.h>
| #endif
| #ifdef HAVE_STRINGS_H
| # include <strings.h>
| #endif
| #ifdef HAVE_INTTYPES_H
| # include <inttypes.h>
| #endif
| #ifdef HAVE_STDINT_H
| # include <stdint.h>
| #endif
| #ifdef HAVE_UNISTD_H
| # include <unistd.h>
| #endif
| int
| main ()
| {
| if (sizeof ((ssize_t)))
| 	    return 0;
|   ;
|   return 0;
| }
configure:4393: result: yes
configure:4404: checking for uid_t in sys/types.h
configure:4423: result: yes
configure:4434: checking for uint32_t
configure:4434: gcc -c -g -O2  conftest.c >&5
configure:4434: $? = 0
configure:4434: result: yes
configure:4448: checking for uint64_t
configure:4448: gcc -c -g -O2  conftest.c >&5
configure:4448: $? = 0
configure:4448: result: yes
configure:4462: checking for uint8_t
configure:4462: gcc -c -g -O2  conftest.c >&5
configure:4462: $? = 0
configure:4462: result: yes
configure:4478: checking for error_at_line
configure:4494: gcc -o conftest -g -O2   conftest.c  >&5
configure:4494: $? = 0
configure:4502: result: yes
configure:4515: checking vfork.h usability
configure:4515: gcc -c -g -O2  conftest.c >&5
conftest.c:70:19: fatal error: vfork.h: No such file or directory
compilation terminated.
configure:4515: $? = 1
configure: failed program was:
| /* confdefs.h */
| #define PACKAGE_NAME "httrack"
| #define PACKAGE_TARNAME "httrack"
| #define PACKAGE_VERSION "1.0"
| #define PACKAGE_STRING "httrack 1.0"
| #define PACKAGE_BUGREPORT "rainkide@gmail.com"
| #define PACKAGE_URL ""
| #define PACKAGE "httrack"
| #define VERSION "1.0"
| #define STDC_HEADERS 1
| #define HAVE_SYS_TYPES_H 1
| #define HAVE_SYS_STAT_H 1
| #define HAVE_STDLIB_H 1
| #define HAVE_STRING_H 1
| #define HAVE_MEMORY_H 1
| #define HAVE_STRINGS_H 1
| #define HAVE_INTTYPES_H 1
| #define HAVE_STDINT_H 1
| #define HAVE_UNISTD_H 1
| #define HAVE_ARPA_INET_H 1
| #define HAVE_FCNTL_H 1
| #define HAVE_INTTYPES_H 1
| #define HAVE_NETDB_H 1
| #define HAVE_NETINET_IN_H 1
| #define HAVE_STDDEF_H 1
| #define HAVE_STDINT_H 1
| #define HAVE_STDLIB_H 1
| #define HAVE_STRING_H 1
| #define HAVE_STRINGS_H 1
| #define HAVE_SYS_IOCTL_H 1
| #define HAVE_SYS_SOCKET_H 1
| #define HAVE_SYS_TIME_H 1
| #define HAVE_SYS_TIMEB_H 1
| #define HAVE_UNISTD_H 1
| #define HAVE_UTIME_H 1
| /* end confdefs.h.  */
| #include <stdio.h>
| #ifdef HAVE_SYS_TYPES_H
| # include <sys/types.h>
| #endif
| #ifdef HAVE_SYS_STAT_H
| # include <sys/stat.h>
| #endif
| #ifdef STDC_HEADERS
| # include <stdlib.h>
| # include <stddef.h>
| #else
| # ifdef HAVE_STDLIB_H
| #  include <stdlib.h>
| # endif
| #endif
| #ifdef HAVE_STRING_H
| # if !defined STDC_HEADERS && defined HAVE_MEMORY_H
| #  include <memory.h>
| # endif
| # include <string.h>
| #endif
| #ifdef HAVE_STRINGS_H
| # include <strings.h>
| #endif
| #ifdef HAVE_INTTYPES_H
| # include <inttypes.h>
| #endif
| #ifdef HAVE_STDINT_H
| # include <stdint.h>
| #endif
| #ifdef HAVE_UNISTD_H
| # include <unistd.h>
| #endif
| #include <vfork.h>
configure:4515: result: no
configure:4515: checking vfork.h presence
configure:4515: gcc -E  conftest.c
conftest.c:37:19: fatal error: vfork.h: No such file or directory
compilation terminated.
configure:4515: $? = 1
configure: failed program was:
| /* confdefs.h */
| #define PACKAGE_NAME "httrack"
| #define PACKAGE_TARNAME "httrack"
| #define PACKAGE_VERSION "1.0"
| #define PACKAGE_STRING "httrack 1.0"
| #define PACKAGE_BUGREPORT "rainkide@gmail.com"
| #define PACKAGE_URL ""
| #define PACKAGE "httrack"
| #define VERSION "1.0"
| #define STDC_HEADERS 1
| #define HAVE_SYS_TYPES_H 1
| #define HAVE_SYS_STAT_H 1
| #define HAVE_STDLIB_H 1
| #define HAVE_STRING_H 1
| #define HAVE_MEMORY_H 1
| #define HAVE_STRINGS_H 1
| #define HAVE_INTTYPES_H 1
| #define HAVE_STDINT_H 1
| #define HAVE_UNISTD_H 1
| #define HAVE_ARPA_INET_H 1
| #define HAVE_FCNTL_H 1
| #define HAVE_INTTYPES_H 1
| #define HAVE_NETDB_H 1
| #define HAVE_NETINET_IN_H 1
| #define HAVE_STDDEF_H 1
| #define HAVE_STDINT_H 1
| #define HAVE_STDLIB_H 1
| #define HAVE_STRING_H 1
| #define HAVE_STRINGS_H 1
| #define HAVE_SYS_IOCTL_H 1
| #define HAVE_SYS_SOCKET_H 1
| #define HAVE_SYS_TIME_H 1
| #define HAVE_SYS_TIMEB_H 1
| #define HAVE_UNISTD_H 1
| #define HAVE_UTIME_H 1
| /* end confdefs.h.  */
| #include <vfork.h>
configure:4515: result: no
configure:4515: checking for vfork.h
configure:4515: result: no
configure:4528: checking for fork
configure:4528: gcc -o conftest -g -O2   conftest.c  >&5
conftest.c:60:6: warning: conflicting types for built-in function 'fork' [enabled by default]
configure:4528: $? = 0
configure:4528: result: yes
configure:4528: checking for vfork
configure:4528: gcc -o conftest -g -O2   conftest.c  >&5
configure:4528: $? = 0
configure:4528: result: yes
configure:4538: checking for working fork
configure:4560: gcc -o conftest -g -O2   conftest.c  >&5
configure:4560: $? = 0
configure:4560: ./conftest
configure:4560: $? = 0
configure:4570: result: yes
configure:4591: checking for working vfork
configure:4701: result: yes
configure:4726: checking for _LARGEFILE_SOURCE value needed for large files
configure:4745: gcc -o conftest -g -O2   conftest.c  >&5
configure:4745: $? = 0
configure:4773: result: no
configure:4796: checking for stdlib.h
configure:4796: result: yes
configure:4806: checking for GNU libc compatible malloc
configure:4830: gcc -o conftest -g -O2   conftest.c  >&5
configure:4830: $? = 0
configure:4830: ./conftest
configure:4830: $? = 0
configure:4840: result: yes
configure:4861: checking whether time.h and sys/time.h may both be included
configure:4881: gcc -c -g -O2  conftest.c >&5
configure:4881: $? = 0
configure:4888: result: yes
configure:4902: checking for sys/time.h
configure:4902: result: yes
configure:4902: checking for unistd.h
configure:4902: result: yes
configure:4923: checking for alarm
configure:4923: gcc -o conftest -g -O2   conftest.c  >&5
configure:4923: $? = 0
configure:4923: result: yes
configure:4936: checking for working mktime
configure:5138: gcc -o conftest -g -O2   conftest.c  >&5
configure:5138: $? = 0
configure:5138: ./conftest
configure:5138: $? = 0
configure:5148: result: yes
configure:5161: checking for stdlib.h
configure:5161: result: yes
configure:5171: checking for GNU libc compatible realloc
configure:5195: gcc -o conftest -g -O2   conftest.c  >&5
configure:5195: $? = 0
configure:5195: ./conftest
configure:5195: $? = 0
configure:5205: result: yes
configure:5229: checking for dup2
configure:5229: gcc -o conftest -g -O2   conftest.c  >&5
configure:5229: $? = 0
configure:5229: result: yes
configure:5229: checking for ftime
configure:5229: gcc -o conftest -g -O2   conftest.c  >&5
configure:5229: $? = 0
configure:5229: result: yes
configure:5229: checking for getcwd
configure:5229: gcc -o conftest -g -O2   conftest.c  >&5
configure:5229: $? = 0
configure:5229: result: yes
configure:5229: checking for gethostbyname
configure:5229: gcc -o conftest -g -O2   conftest.c  >&5
configure:5229: $? = 0
configure:5229: result: yes
configure:5229: checking for gethostname
configure:5229: gcc -o conftest -g -O2   conftest.c  >&5
configure:5229: $? = 0
configure:5229: result: yes
configure:5229: checking for gettimeofday
configure:5229: gcc -o conftest -g -O2   conftest.c  >&5
configure:5229: $? = 0
configure:5229: result: yes
configure:5229: checking for inet_ntoa
configure:5229: gcc -o conftest -g -O2   conftest.c  >&5
configure:5229: $? = 0
configure:5229: result: yes
configure:5229: checking for memset
configure:5229: gcc -o conftest -g -O2   conftest.c  >&5
conftest.c:80:6: warning: conflicting types for built-in function 'memset' [enabled by default]
configure:5229: $? = 0
configure:5229: result: yes
configure:5229: checking for mkdir
configure:5229: gcc -o conftest -g -O2   conftest.c  >&5
configure:5229: $? = 0
configure:5229: result: yes
configure:5229: checking for rmdir
configure:5229: gcc -o conftest -g -O2   conftest.c  >&5
configure:5229: $? = 0
configure:5229: result: yes
configure:5229: checking for select
configure:5229: gcc -o conftest -g -O2   conftest.c  >&5
configure:5229: $? = 0
configure:5229: result: yes
configure:5229: checking for socket
configure:5229: gcc -o conftest -g -O2   conftest.c  >&5
configure:5229: $? = 0
configure:5229: result: yes
configure:5229: checking for strcasecmp
configure:5229: gcc -o conftest -g -O2   conftest.c  >&5
conftest.c:85:6: warning: conflicting types for built-in function 'strcasecmp' [enabled by default]
configure:5229: $? = 0
configure:5229: result: yes
configure:5229: checking for strchr
configure:5229: gcc -o conftest -g -O2   conftest.c  >&5
conftest.c:86:6: warning: conflicting types for built-in function 'strchr' [enabled by default]
configure:5229: $? = 0
configure:5229: result: yes
configure:5229: checking for strdup
configure:5229: gcc -o conftest -g -O2   conftest.c  >&5
conftest.c:87:6: warning: conflicting types for built-in function 'strdup' [enabled by default]
configure:5229: $? = 0
configure:5229: result: yes
configure:5229: checking for strerror
configure:5229: gcc -o conftest -g -O2   conftest.c  >&5
configure:5229: $? = 0
configure:5229: result: yes
configure:5229: checking for strncasecmp
configure:5229: gcc -o conftest -g -O2   conftest.c  >&5
conftest.c:89:6: warning: conflicting types for built-in function 'strncasecmp' [enabled by default]
configure:5229: $? = 0
configure:5229: result: yes
configure:5229: checking for strrchr
configure:5229: gcc -o conftest -g -O2   conftest.c  >&5
conftest.c:90:6: warning: conflicting types for built-in function 'strrchr' [enabled by default]
configure:5229: $? = 0
configure:5229: result: yes
configure:5229: checking for strstr
configure:5229: gcc -o conftest -g -O2   conftest.c  >&5
conftest.c:91:6: warning: conflicting types for built-in function 'strstr' [enabled by default]
configure:5229: $? = 0
configure:5229: result: yes
configure:5229: checking for utime
configure:5229: gcc -o conftest -g -O2   conftest.c  >&5
configure:5229: $? = 0
configure:5229: result: yes
configure:5244: checking size of long
configure:5249: gcc -o conftest -g -O2   conftest.c  >&5
configure:5249: $? = 0
configure:5249: ./conftest
configure:5249: $? = 0
configure:5263: result: 8
configure:5277: checking size of long long
configure:5282: gcc -o conftest -g -O2   conftest.c  >&5
configure:5282: $? = 0
configure:5282: ./conftest
configure:5282: $? = 0
configure:5296: result: 8
configure:5309: checking long printf format
configure:5324: gcc -o conftest -g -O2   conftest.c  >&5
conftest.c: In function 'main':
conftest.c:74:10: warning: incompatible implicit declaration of built-in function 'exit' [enabled by default]
configure:5324: $? = 0
configure:5324: ./conftest
configure:5324: $? = 0
configure:5325: result: found
configure:5502: checking for in_addr_t
configure:5502: gcc -c -g -O2  conftest.c >&5
configure:5502: $? = 0
configure:5502: gcc -c -g -O2  conftest.c >&5
conftest.c: In function 'main':
conftest.c:80:24: error: expected expression before ')' token
configure:5502: $? = 1
configure: failed program was:
| /* confdefs.h */
| #define PACKAGE_NAME "httrack"
| #define PACKAGE_TARNAME "httrack"
| #define PACKAGE_VERSION "1.0"
| #define PACKAGE_STRING "httrack 1.0"
| #define PACKAGE_BUGREPORT "rainkide@gmail.com"
| #define PACKAGE_URL ""
| #define PACKAGE "httrack"
| #define VERSION "1.0"
| #define STDC_HEADERS 1
| #define HAVE_SYS_TYPES_H 1
| #define HAVE_SYS_STAT_H 1
| #define HAVE_STDLIB_H 1
| #define HAVE_STRING_H 1
| #define HAVE_MEMORY_H 1
| #define HAVE_STRINGS_H 1
| #define HAVE_INTTYPES_H 1
| #define HAVE_STDINT_H 1
| #define HAVE_UNISTD_H 1
| #define HAVE_ARPA_INET_H 1
| #define HAVE_FCNTL_H 1
| #define HAVE_INTTYPES_H 1
| #define HAVE_NETDB_H 1
| #define HAVE_NETINET_IN_H 1
| #define HAVE_STDDEF_H 1
| #define HAVE_STDINT_H 1
| #define HAVE_STDLIB_H 1
| #define HAVE_STRING_H 1
| #define HAVE_STRINGS_H 1
| #define HAVE_SYS_IOCTL_H 1
| #define HAVE_SYS_SOCKET_H 1
| #define HAVE_SYS_TIME_H 1
| #define HAVE_SYS_TIMEB_H 1
| #define HAVE_UNISTD_H 1
| #define HAVE_UTIME_H 1
| #define HAVE_FORK 1
| #define HAVE_VFORK 1
| #define HAVE_WORKING_VFORK 1
| #define HAVE_WORKING_FORK 1
| #define HAVE_FSEEKO 1
| #define HAVE_STDLIB_H 1
| #define HAVE_MALLOC 1
| #define TIME_WITH_SYS_TIME 1
| #define HAVE_SYS_TIME_H 1
| #define HAVE_UNISTD_H 1
| #define HAVE_ALARM 1
| #define HAVE_STDLIB_H 1
| #define HAVE_REALLOC 1
| #define HAVE_DUP2 1
| #define HAVE_FTIME 1
| #define HAVE_GETCWD 1
| #define HAVE_GETHOSTBYNAME 1
| #define HAVE_GETHOSTNAME 1
| #define HAVE_GETTIMEOFDAY 1
| #define HAVE_INET_NTOA 1
| #define HAVE_MEMSET 1
| #define HAVE_MKDIR 1
| #define HAVE_RMDIR 1
| #define HAVE_SELECT 1
| #define HAVE_SOCKET 1
| #define HAVE_STRCASECMP 1
| #define HAVE_STRCHR 1
| #define HAVE_STRDUP 1
| #define HAVE_STRERROR 1
| #define HAVE_STRNCASECMP 1
| #define HAVE_STRRCHR 1
| #define HAVE_STRSTR 1
| #define HAVE_UTIME 1
| #define SIZEOF_LONG 8
| #define SIZEOF_LONG_LONG 8
| #define LLINT_FORMAT "%ld"
| #define LLINT_TYPE long int
| /* end confdefs.h.  */
| #include <sys/types.h>
| #include <netinet/in.h>
| 
| int
| main ()
| {
| if (sizeof ((in_addr_t)))
| 	    return 0;
|   ;
|   return 0;
| }
configure:5502: result: yes
configure:5544: gcc -o conftest -g -O2   conftest.c -lc   >&5
configure:5544: $? = 0
configure:5553: result: yes
configure:5568: checking for fopen64 in -lc
configure:5593: gcc -o conftest -g -O2   conftest.c -lc   >&5
configure:5593: $? = 0
configure:5602: result: yes
configure:5617: checking for pthread_create in -lpthread
configure:5642: gcc -o conftest -g -O2   conftest.c -lpthread   >&5
configure:5642: $? = 0
configure:5651: result: yes
configure:5768: checking for socket in -lsocket
configure:5793: gcc -o conftest -g -O2   conftest.c -lsocket   >&5
/usr/bin/ld: cannot find -lsocket
collect2: ld returned 1 exit status
configure:5793: $? = 1
configure: failed program was:
| /* confdefs.h */
| #define PACKAGE_NAME "httrack"
| #define PACKAGE_TARNAME "httrack"
| #define PACKAGE_VERSION "1.0"
| #define PACKAGE_STRING "httrack 1.0"
| #define PACKAGE_BUGREPORT "rainkide@gmail.com"
| #define PACKAGE_URL ""
| #define PACKAGE "httrack"
| #define VERSION "1.0"
| #define STDC_HEADERS 1
| #define HAVE_SYS_TYPES_H 1
| #define HAVE_SYS_STAT_H 1
| #define HAVE_STDLIB_H 1
| #define HAVE_STRING_H 1
| #define HAVE_MEMORY_H 1
| #define HAVE_STRINGS_H 1
| #define HAVE_INTTYPES_H 1
| #define HAVE_STDINT_H 1
| #define HAVE_UNISTD_H 1
| #define HAVE_ARPA_INET_H 1
| #define HAVE_FCNTL_H 1
| #define HAVE_INTTYPES_H 1
| #define HAVE_NETDB_H 1
| #define HAVE_NETINET_IN_H 1
| #define HAVE_STDDEF_H 1
| #define HAVE_STDINT_H 1
| #define HAVE_STDLIB_H 1
| #define HAVE_STRING_H 1
| #define HAVE_STRINGS_H 1
| #define HAVE_SYS_IOCTL_H 1
| #define HAVE_SYS_SOCKET_H 1
| #define HAVE_SYS_TIME_H 1
| #define HAVE_SYS_TIMEB_H 1
| #define HAVE_UNISTD_H 1
| #define HAVE_UTIME_H 1
| #define HAVE_FORK 1
| #define HAVE_VFORK 1
| #define HAVE_WORKING_VFORK 1
| #define HAVE_WORKING_FORK 1
| #define HAVE_FSEEKO 1
| #define HAVE_STDLIB_H 1
| #define HAVE_MALLOC 1
| #define TIME_WITH_SYS_TIME 1
| #define HAVE_SYS_TIME_H 1
| #define HAVE_UNISTD_H 1
| #define HAVE_ALARM 1
| #define HAVE_STDLIB_H 1
| #define HAVE_REALLOC 1
| #define HAVE_DUP2 1
| #define HAVE_FTIME 1
| #define HAVE_GETCWD 1
| #define HAVE_GETHOSTBYNAME 1
| #define HAVE_GETHOSTNAME 1
| #define HAVE_GETTIMEOFDAY 1
| #define HAVE_INET_NTOA 1
| #define HAVE_MEMSET 1
| #define HAVE_MKDIR 1
| #define HAVE_RMDIR 1
| #define HAVE_SELECT 1
| #define HAVE_SOCKET 1
| #define HAVE_STRCASECMP 1
| #define HAVE_STRCHR 1
| #define HAVE_STRDUP 1
| #define HAVE_STRERROR 1
| #define HAVE_STRNCASECMP 1
| #define HAVE_STRRCHR 1
| #define HAVE_STRSTR 1
| #define HAVE_UTIME 1
| #define SIZEOF_LONG 8
| #define SIZEOF_LONG_LONG 8
| #define LLINT_FORMAT "%ld"
| #define LLINT_TYPE long int
| #define HTS_DO_NOT_REDEFINE_in_addr_t /**/
| #define HTS_INET6 1
| #define HTS_LFS 1
| #define THREADS 1
| /* end confdefs.h.  */
| 
| /* Override any GCC internal prototype to avoid an error.
|    Use char because int might match the return type of a GCC
|    builtin and then its argument prototype would still apply.  */
| #ifdef __cplusplus
| extern "C"
| #endif
| char socket ();
| int
| main ()
| {
| return socket ();
|   ;
|   return 0;
| }
configure:5802: result: no
configure:5810: result: not necessary
configure:5817: checking for dlopen in -ldl
configure:5842: gcc -o conftest -g -O2   conftest.c -ldl   >&5
configure:5842: $? = 0
configure:5851: result: yes
configure:5916: checking for ftime in -lc
configure:5941: gcc -o conftest -g -O2   conftest.c -lc   >&5
configure:5941: $? = 0
configure:5950: result: yes
configure:5964: checking for setuid in -lc
configure:5989: gcc -o conftest -g -O2   conftest.c -lc   >&5
configure:5989: $? = 0
configure:5998: result: yes
configure:6143: creating ./config.status

## ---------------------- ##
## Running config.status. ##
## ---------------------- ##

This file was extended by httrack config.status 1.0, which was
generated by GNU Autoconf 2.68.  Invocation command line was

  CONFIG_FILES    = 
  CONFIG_HEADERS  = 
  CONFIG_LINKS    = 
  CONFIG_COMMANDS = 
  $ ./config.status 

on rainkid

config.status:927: creating Makefile
config.status:927: creating src/Makefile
config.status:927: creating config.h
config.status:1108: config.h is unchanged
config.status:1156: executing depfiles commands

## ---------------- ##
## Cache variables. ##
## ---------------- ##

ac_cv_c_compiler_gnu=yes
ac_cv_c_inline=inline
ac_cv_c_uint32_t=yes
ac_cv_c_uint64_t=yes
ac_cv_c_uint8_t=yes
ac_cv_env_CC_set=
ac_cv_env_CC_value=
ac_cv_env_CFLAGS_set=
ac_cv_env_CFLAGS_value=
ac_cv_env_CPPFLAGS_set=
ac_cv_env_CPPFLAGS_value=
ac_cv_env_CPP_set=
ac_cv_env_CPP_value=
ac_cv_env_LDFLAGS_set=
ac_cv_env_LDFLAGS_value=
ac_cv_env_LIBS_set=
ac_cv_env_LIBS_value=
ac_cv_env_build_alias_set=
ac_cv_env_build_alias_value=
ac_cv_env_host_alias_set=
ac_cv_env_host_alias_value=
ac_cv_env_target_alias_set=
ac_cv_env_target_alias_value=
ac_cv_func_alarm=yes
ac_cv_func_dup2=yes
ac_cv_func_fork=yes
ac_cv_func_fork_works=yes
ac_cv_func_ftime=yes
ac_cv_func_getcwd=yes
ac_cv_func_gethostbyname=yes
ac_cv_func_gethostname=yes
ac_cv_func_gettimeofday=yes
ac_cv_func_inet_ntoa=yes
ac_cv_func_malloc_0_nonnull=yes
ac_cv_func_memset=yes
ac_cv_func_mkdir=yes
ac_cv_func_realloc_0_nonnull=yes
ac_cv_func_rmdir=yes
ac_cv_func_select=yes
ac_cv_func_socket=yes
ac_cv_func_strcasecmp=yes
ac_cv_func_strchr=yes
ac_cv_func_strdup=yes
ac_cv_func_strerror=yes
ac_cv_func_strncasecmp=yes
ac_cv_func_strrchr=yes
ac_cv_func_strstr=yes
ac_cv_func_utime=yes
ac_cv_func_vfork=yes
ac_cv_func_vfork_works=yes
ac_cv_func_working_mktime=yes
ac_cv_header_arpa_inet_h=yes
ac_cv_header_fcntl_h=yes
ac_cv_header_inttypes_h=yes
ac_cv_header_memory_h=yes
ac_cv_header_netdb_h=yes
ac_cv_header_netinet_in_h=yes
ac_cv_header_stdc=yes
ac_cv_header_stddef_h=yes
ac_cv_header_stdint_h=yes
ac_cv_header_stdlib_h=yes
ac_cv_header_string_h=yes
ac_cv_header_strings_h=yes
ac_cv_header_sys_ioctl_h=yes
ac_cv_header_sys_socket_h=yes
ac_cv_header_sys_stat_h=yes
ac_cv_header_sys_time_h=yes
ac_cv_header_sys_timeb_h=yes
ac_cv_header_sys_types_h=yes
ac_cv_header_time=yes
ac_cv_header_unistd_h=yes
ac_cv_header_utime_h=yes
ac_cv_header_vfork_h=no
ac_cv_lib_c_fopen64=yes
ac_cv_lib_c_ftime=yes
ac_cv_lib_c_getaddrinfo=yes
ac_cv_lib_c_setuid=yes
ac_cv_lib_dl_dlopen=yes
ac_cv_lib_error_at_line=yes
ac_cv_lib_pthread_pthread_create=yes
ac_cv_lib_socket_socket=no
ac_cv_objext=o
ac_cv_path_EGREP='/bin/grep -E'
ac_cv_path_GREP=/bin/grep
ac_cv_path_install='/usr/bin/install -c'
ac_cv_path_mkdir=/bin/mkdir
ac_cv_prog_AWK=mawk
ac_cv_prog_CPP='gcc -E'
ac_cv_prog_ac_ct_CC=gcc
ac_cv_prog_cc_c89=
ac_cv_prog_cc_g=yes
ac_cv_prog_make_make_set=yes
ac_cv_sizeof_long=8
ac_cv_sizeof_long_long=8
ac_cv_sys_largefile_source=no
ac_cv_type_in_addr_t=yes
ac_cv_type_off_t=yes
ac_cv_type_pid_t=yes
ac_cv_type_size_t=yes
ac_cv_type_ssize_t=yes
ac_cv_type_uid_t=yes
am_cv_CC_dependencies_compiler_type=gcc3

## ----------------- ##
## Output variables. ##
## ----------------- ##

ACLOCAL='${SHELL} /home/rainkid/workspace/httrack/missing --run aclocal-1.11'
AMDEPBACKSLASH='\'
AMDEP_FALSE='#'
AMDEP_TRUE=''
AMTAR='$${TAR-tar}'
AUTOCONF='${SHELL} /home/rainkid/workspace/httrack/missing --run autoconf'
AUTOHEADER='${SHELL} /home/rainkid/workspace/httrack/missing --run autoheader'
AUTOMAKE='${SHELL} /home/rainkid/workspace/httrack/missing --run automake-1.11'
AWK='mawk'
CC='gcc'
CCDEPMODE='depmode=gcc3'
CFLAGS='-g -O2'
CPP='gcc -E'
CPPFLAGS=''
CYGPATH_W='echo'
DEFS='-DHAVE_CONFIG_H'
DEPDIR='.deps'
DL_LIBS='-ldl'
ECHO_C=''
ECHO_N='-n'
ECHO_T=''
EGREP='/bin/grep -E'
EXEEXT=''
GREP='/bin/grep'
INSTALL_DATA='${INSTALL} -m 644'
INSTALL_PROGRAM='${INSTALL}'
INSTALL_SCRIPT='${INSTALL}'
INSTALL_STRIP_PROGRAM='$(install_sh) -c -s'
LDFLAGS=''
LFS_FLAG='-D_FILE_OFFSET_BITS=64 -D_LARGEFILE_SOURCE -D_LARGEFILE64_SOURCE'
LIBOBJS=''
LIBS=''
LTLIBOBJS=''
MAKEINFO='${SHELL} /home/rainkid/workspace/httrack/missing --run makeinfo'
MKDIR_P='/bin/mkdir -p'
OBJEXT='o'
PACKAGE='httrack'
PACKAGE_BUGREPORT='rainkide@gmail.com'
PACKAGE_NAME='httrack'
PACKAGE_STRING='httrack 1.0'
PACKAGE_TARNAME='httrack'
PACKAGE_URL=''
PACKAGE_VERSION='1.0'
PATH_SEPARATOR=':'
SET_MAKE=''
SHELL='/bin/bash'
SOCKET_LIBS=''
STRIP=''
THREADS_CFLAGS=''
THREADS_LIBS='-lpthread'
V6_FLAG='-DINET6'
VERSION='1.0'
ac_ct_CC='gcc'
am__EXEEXT_FALSE=''
am__EXEEXT_TRUE='#'
am__fastdepCC_FALSE='#'
am__fastdepCC_TRUE=''
am__include='include'
am__isrc=''
am__leading_dot='.'
am__nodep='_no'
am__quote=''
am__tar='$${TAR-tar} chof - "$$tardir"'
am__untar='$${TAR-tar} xf -'
bindir='${exec_prefix}/bin'
build_alias=''
datadir='${datarootdir}'
datarootdir='${prefix}/share'
docdir='${datarootdir}/doc/${PACKAGE_TARNAME}'
dvidir='${docdir}'
exec_prefix='${prefix}'
host_alias=''
htmldir='${docdir}'
includedir='${prefix}/include'
infodir='${datarootdir}/info'
install_sh='${SHELL} /home/rainkid/workspace/httrack/install-sh'
libdir='${exec_prefix}/lib'
libexecdir='${exec_prefix}/libexec'
localedir='${datarootdir}/locale'
localstatedir='${prefix}/var'
mandir='${datarootdir}/man'
mkdir_p='/bin/mkdir -p'
oldincludedir='/usr/include'
pdfdir='${docdir}'
prefix='/usr/local'
program_transform_name='s,x,x,'
psdir='${docdir}'
sbindir='${exec_prefix}/sbin'
sharedstatedir='${prefix}/com'
sysconfdir='${prefix}/etc'
target_alias=''

## ----------- ##
## confdefs.h. ##
## ----------- ##

/* confdefs.h */
#define PACKAGE_NAME "httrack"
#define PACKAGE_TARNAME "httrack"
#define PACKAGE_VERSION "1.0"
#define PACKAGE_STRING "httrack 1.0"
#define PACKAGE_BUGREPORT "rainkide@gmail.com"
#define PACKAGE_URL ""
#define PACKAGE "httrack"
#define VERSION "1.0"
#define STDC_HEADERS 1
#define HAVE_SYS_TYPES_H 1
#define HAVE_SYS_STAT_H 1
#define HAVE_STDLIB_H 1
#define HAVE_STRING_H 1
#define HAVE_MEMORY_H 1
#define HAVE_STRINGS_H 1
#define HAVE_INTTYPES_H 1
#define HAVE_STDINT_H 1
#define HAVE_UNISTD_H 1
#define HAVE_ARPA_INET_H 1
#define HAVE_FCNTL_H 1
#define HAVE_INTTYPES_H 1
#define HAVE_NETDB_H 1
#define HAVE_NETINET_IN_H 1
#define HAVE_STDDEF_H 1
#define HAVE_STDINT_H 1
#define HAVE_STDLIB_H 1
#define HAVE_STRING_H 1
#define HAVE_STRINGS_H 1
#define HAVE_SYS_IOCTL_H 1
#define HAVE_SYS_SOCKET_H 1
#define HAVE_SYS_TIME_H 1
#define HAVE_SYS_TIMEB_H 1
#define HAVE_UNISTD_H 1
#define HAVE_UTIME_H 1
#define HAVE_FORK 1
#define HAVE_VFORK 1
#define HAVE_WORKING_VFORK 1
#define HAVE_WORKING_FORK 1
#define HAVE_FSEEKO 1
#define HAVE_STDLIB_H 1
#define HAVE_MALLOC 1
#define TIME_WITH_SYS_TIME 1
#define HAVE_SYS_TIME_H 1
#define HAVE_UNISTD_H 1
#define HAVE_ALARM 1
#define HAVE_STDLIB_H 1
#define HAVE_REALLOC 1
#define HAVE_DUP2 1
#define HAVE_FTIME 1
#define HAVE_GETCWD 1
#define HAVE_GETHOSTBYNAME 1
#define HAVE_GETHOSTNAME 1
#define HAVE_GETTIMEOFDAY 1
#define HAVE_INET_NTOA 1
#define HAVE_MEMSET 1
#define HAVE_MKDIR 1
#define HAVE_RMDIR 1
#define HAVE_SELECT 1
#define HAVE_SOCKET 1
#define HAVE_STRCASECMP 1
#define HAVE_STRCHR 1
#define HAVE_STRDUP 1
#define HAVE_STRERROR 1
#define HAVE_STRNCASECMP 1
#define HAVE_STRRCHR 1
#define HAVE_STRSTR 1
#define HAVE_UTIME 1
#define SIZEOF_LONG 8
#define SIZEOF_LONG_LONG 8
#define LLINT_FORMAT "%ld"
#define LLINT_TYPE long int
#define HTS_DO_NOT_REDEFINE_in_addr_t /**/
#define HTS_INET6 1
#define HTS_LFS 1
#define THREADS 1
#define DLLIB 1
#define FTIME 1
#define SETUID 1

configure: exit 0

## ---------------------- ##
## Running config.status. ##
## ---------------------- ##

This file was extended by httrack config.status 1.0, which was
generated by GNU Autoconf 2.68.  Invocation command line was

  CONFIG_FILES    = 
  CONFIG_HEADERS  = 
  CONFIG_LINKS    = 
  CONFIG_COMMANDS = 
  $ ./config.status src/Makefile depfiles

on rainkid

config.status:927: creating src/Makefile
config.status:1156: executing depfiles commands

## ---------------------- ##
## Running config.status. ##
## ---------------------- ##

This file was extended by httrack config.status 1.0, which was
generated by GNU Autoconf 2.68.  Invocation command line was

  CONFIG_FILES    = 
  CONFIG_HEADERS  = 
  CONFIG_LINKS    = 
  CONFIG_COMMANDS = 
  $ ./config.status src/Makefile depfiles

on rainkid

config.status:927: creating src/Makefile
config.status:1156: executing depfiles commands

## ---------------------- ##
## Running config.status. ##
## ---------------------- ##

This file was extended by httrack config.status 1.0, which was
generated by GNU Autoconf 2.68.  Invocation command line was

  CONFIG_FILES    = 
  CONFIG_HEADERS  = 
  CONFIG_LINKS    = 
  CONFIG_COMMANDS = 
  $ ./config.status src/Makefile depfiles

on rainkid

config.status:927: creating src/Makefile
config.status:1156: executing depfiles commands

## ---------------------- ##
## Running config.status. ##
## ---------------------- ##

This file was extended by httrack config.status 1.0, which was
generated by GNU Autoconf 2.68.  Invocation command line was

  CONFIG_FILES    = 
  CONFIG_HEADERS  = 
  CONFIG_LINKS    = 
  CONFIG_COMMANDS = 
  $ ./config.status src/Makefile depfiles

on rainkid

config.status:927: creating src/Makefile
config.status:1156: executing depfiles commands
